<?xml version="1.0" encoding="UTF-8"?>
<!-- Generated by org.testng.reporters.JUnitXMLReporter -->
<testsuite ignored="6" hostname="Mahadev" failures="0" tests="3" name="Regression Test" time="0.08" errors="0" timestamp="2022-09-25T18:14:59 IST">
  <testcase classname="Groupss.TestCase1" name="Test3" time="0.014"/>
  <testcase classname="Groupss.TestCase2" name="Test6" time="0.002"/>
  <testcase classname="Groupss.TestCase3" name="Test9" time="0.003"/>
  <testcase classname="Groupss.TestCase3" name="Test7" time="0.0">
    <ignored/>
  </testcase> <!-- Test7 -->
  <testcase classname="Groupss.TestCase3" name="Test8" time="0.0">
    <ignored/>
  </testcase> <!-- Test8 -->
  <testcase classname="Groupss.TestCase2" name="Test4" time="0.0">
    <ignored/>
  </testcase> <!-- Test4 -->
  <testcase classname="Groupss.TestCase2" name="Test5" time="0.0">
    <ignored/>
  </testcase> <!-- Test5 -->
  <testcase classname="Groupss.TestCase1" name="Test2" time="0.0">
    <ignored/>
  </testcase> <!-- Test2 -->
  <testcase classname="Groupss.TestCase1" name="Test1" time="0.0">
    <ignored/>
  </testcase> <!-- Test1 -->
</testsuite> <!-- Regression Test -->
