<?xml version="1.0" encoding="UTF-8"?>
<!-- Generated by org.testng.reporters.JUnitXMLReporter -->
<testsuite ignored="0" hostname="Mahadev" failures="0" tests="6" name="Test" time="0.087" errors="0" timestamp="2022-09-28T14:59:36 IST">
  <testcase classname="PackageSuitAnnotation.TestCase1" name="m1" time="0.006"/>
  <testcase classname="PackageSuitAnnotation.TestCase1" name="m2" time="0.002"/>
  <testcase classname="PackageSuitAnnotation.TestCase1" name="m3" time="0.003"/>
  <testcase classname="PackageSuitAnnotation.TestCase2" name="m4" time="0.007"/>
  <testcase classname="PackageSuitAnnotation.TestCase2" name="m5" time="0.003"/>
  <testcase classname="PackageSuitAnnotation.TestCase2" name="m6" time="0.003"/>
</testsuite> <!-- Test -->
