<?xml version="1.0" encoding="UTF-8"?>
<!-- Generated by org.testng.reporters.JUnitXMLReporter -->
<testsuite ignored="0" hostname="Mahadev" failures="0" tests="6" name="Edge Test" time="11.623" errors="0" timestamp="2022-10-08T18:09:04 IST">
  <testcase classname="Asser.CrossBrowserWithSoftasser" name="CrossBrstesting" time="11.075"/>
  <testcase classname="Asser.CrossBrowserWithSoftasser" name="VerifycurrentURL" time="0.024"/>
  <testcase classname="Asser.CrossBrowserWithSoftasser" name="VerifypageTitle" time="0.017"/>
  <testcase classname="Asser.CrossBrowserWithSoftasser" name="VerifyUsername" time="0.121"/>
  <testcase classname="Asser.CrossBrowserWithSoftasser" name="VerifyPassword" time="0.2"/>
  <testcase classname="Asser.CrossBrowserWithSoftasser" name="ClickBtn" time="0.132"/>
</testsuite> <!-- Edge Test -->
