<?xml version="1.0" encoding="UTF-8"?>
<!-- Generated by org.testng.reporters.JUnitXMLReporter -->
<testsuite ignored="3" hostname="Mahadev" failures="0" tests="6" name="functional Test" time="0.093" errors="0" timestamp="2022-09-25T18:16:27 IST">
  <testcase classname="Groupss.TestCase1" name="Test2" time="0.008"/>
  <testcase classname="Groupss.TestCase1" name="Test3" time="0.003"/>
  <testcase classname="Groupss.TestCase2" name="Test5" time="0.002"/>
  <testcase classname="Groupss.TestCase2" name="Test6" time="0.003"/>
  <testcase classname="Groupss.TestCase3" name="Test8" time="0.002"/>
  <testcase classname="Groupss.TestCase3" name="Test9" time="0.001"/>
  <testcase classname="Groupss.TestCase3" name="Test7" time="0.0">
    <ignored/>
  </testcase> <!-- Test7 -->
  <testcase classname="Groupss.TestCase2" name="Test4" time="0.0">
    <ignored/>
  </testcase> <!-- Test4 -->
  <testcase classname="Groupss.TestCase1" name="Test1" time="0.0">
    <ignored/>
  </testcase> <!-- Test1 -->
</testsuite> <!-- functional Test -->
