<?xml version="1.0" encoding="UTF-8"?>
<!-- Generated by org.testng.reporters.JUnitXMLReporter -->
<testsuite ignored="0" hostname="Mahadev" failures="0" tests="9" name="full Test" time="0.158" errors="0" timestamp="2022-09-25T18:02:28 IST">
  <testcase classname="Groupss.TestCase1" name="Test1" time="0.011"/>
  <testcase classname="Groupss.TestCase1" name="Test2" time="0.007"/>
  <testcase classname="Groupss.TestCase1" name="Test3" time="0.003"/>
  <testcase classname="Groupss.TestCase2" name="Test4" time="0.001"/>
  <testcase classname="Groupss.TestCase2" name="Test5" time="0.004"/>
  <testcase classname="Groupss.TestCase2" name="Test6" time="0.007"/>
  <testcase classname="Groupss.TestCase3" name="Test7" time="0.002"/>
  <testcase classname="Groupss.TestCase3" name="Test8" time="0.003"/>
  <testcase classname="Groupss.TestCase3" name="Test9" time="0.001"/>
</testsuite> <!-- full Test -->
