<?xml version="1.0" encoding="UTF-8"?>
<testng-results ignored="0" total="12" passed="12" failed="0" skipped="0">
  <reporter-output>
  </reporter-output>
  <suite started-at="2022-10-08T18:08:52 IST" name="Cross Browser Suite" finished-at="2022-10-08T18:09:04 IST" duration-ms="11623">
    <groups>
    </groups>
    <test started-at="2022-10-08T18:08:52 IST" name="Chrome Test" finished-at="2022-10-08T18:09:02 IST" duration-ms="9916">
      <class name="Asser.CrossBrowserWithSoftasser">
        <test-method signature="CrossBrstesting(java.lang.String)[pri:1, instance:Asser.CrossBrowserWithSoftasser@6631f5ca]" started-at="2022-10-08T18:08:53 IST" name="CrossBrstesting" finished-at="2022-10-08T18:09:02 IST" duration-ms="9313" status="PASS">
          <params>
            <param index="0">
              <value>
                <![CDATA[Chrome]]>
              </value>
            </param>
          </params>
          <reporter-output>
          </reporter-output>
        </test-method> <!-- CrossBrstesting -->
        <test-method signature="VerifycurrentURL()[pri:2, instance:Asser.CrossBrowserWithSoftasser@6631f5ca]" started-at="2022-10-08T18:09:02 IST" name="VerifycurrentURL" finished-at="2022-10-08T18:09:02 IST" duration-ms="18" status="PASS">
          <reporter-output>
          </reporter-output>
        </test-method> <!-- VerifycurrentURL -->
        <test-method signature="VerifypageTitle()[pri:3, instance:Asser.CrossBrowserWithSoftasser@6631f5ca]" started-at="2022-10-08T18:09:02 IST" name="VerifypageTitle" finished-at="2022-10-08T18:09:02 IST" duration-ms="10" status="PASS">
          <reporter-output>
          </reporter-output>
        </test-method> <!-- VerifypageTitle -->
        <test-method signature="VerifyUsername()[pri:4, instance:Asser.CrossBrowserWithSoftasser@6631f5ca]" started-at="2022-10-08T18:09:02 IST" name="VerifyUsername" finished-at="2022-10-08T18:09:02 IST" duration-ms="222" status="PASS">
          <reporter-output>
          </reporter-output>
        </test-method> <!-- VerifyUsername -->
        <test-method signature="VerifyPassword()[pri:5, instance:Asser.CrossBrowserWithSoftasser@6631f5ca]" started-at="2022-10-08T18:09:02 IST" name="VerifyPassword" finished-at="2022-10-08T18:09:02 IST" duration-ms="157" status="PASS">
          <reporter-output>
          </reporter-output>
        </test-method> <!-- VerifyPassword -->
        <test-method signature="ClickBtn()[pri:6, instance:Asser.CrossBrowserWithSoftasser@6631f5ca]" started-at="2022-10-08T18:09:02 IST" name="ClickBtn" finished-at="2022-10-08T18:09:02 IST" duration-ms="130" status="PASS">
          <reporter-output>
          </reporter-output>
        </test-method> <!-- ClickBtn -->
      </class> <!-- Asser.CrossBrowserWithSoftasser -->
    </test> <!-- Chrome Test -->
    <test started-at="2022-10-08T18:08:52 IST" name="Edge Test" finished-at="2022-10-08T18:09:04 IST" duration-ms="11623">
      <class name="Asser.CrossBrowserWithSoftasser">
        <test-method signature="CrossBrstesting(java.lang.String)[pri:1, instance:Asser.CrossBrowserWithSoftasser@1da2cb77]" started-at="2022-10-08T18:08:53 IST" name="CrossBrstesting" finished-at="2022-10-08T18:09:04 IST" duration-ms="11075" status="PASS">
          <params>
            <param index="0">
              <value>
                <![CDATA[Edge]]>
              </value>
            </param>
          </params>
          <reporter-output>
          </reporter-output>
        </test-method> <!-- CrossBrstesting -->
        <test-method signature="VerifycurrentURL()[pri:2, instance:Asser.CrossBrowserWithSoftasser@1da2cb77]" started-at="2022-10-08T18:09:04 IST" name="VerifycurrentURL" finished-at="2022-10-08T18:09:04 IST" duration-ms="24" status="PASS">
          <reporter-output>
          </reporter-output>
        </test-method> <!-- VerifycurrentURL -->
        <test-method signature="VerifypageTitle()[pri:3, instance:Asser.CrossBrowserWithSoftasser@1da2cb77]" started-at="2022-10-08T18:09:04 IST" name="VerifypageTitle" finished-at="2022-10-08T18:09:04 IST" duration-ms="17" status="PASS">
          <reporter-output>
          </reporter-output>
        </test-method> <!-- VerifypageTitle -->
        <test-method signature="VerifyUsername()[pri:4, instance:Asser.CrossBrowserWithSoftasser@1da2cb77]" started-at="2022-10-08T18:09:04 IST" name="VerifyUsername" finished-at="2022-10-08T18:09:04 IST" duration-ms="121" status="PASS">
          <reporter-output>
          </reporter-output>
        </test-method> <!-- VerifyUsername -->
        <test-method signature="VerifyPassword()[pri:5, instance:Asser.CrossBrowserWithSoftasser@1da2cb77]" started-at="2022-10-08T18:09:04 IST" name="VerifyPassword" finished-at="2022-10-08T18:09:04 IST" duration-ms="200" status="PASS">
          <reporter-output>
          </reporter-output>
        </test-method> <!-- VerifyPassword -->
        <test-method signature="ClickBtn()[pri:6, instance:Asser.CrossBrowserWithSoftasser@1da2cb77]" started-at="2022-10-08T18:09:04 IST" name="ClickBtn" finished-at="2022-10-08T18:09:04 IST" duration-ms="132" status="PASS">
          <reporter-output>
          </reporter-output>
        </test-method> <!-- ClickBtn -->
      </class> <!-- Asser.CrossBrowserWithSoftasser -->
    </test> <!-- Edge Test -->
  </suite> <!-- Cross Browser Suite -->
</testng-results>
